<?xml version="1.0" encoding="UTF-8"?>
<!-- Generated by org.testng.reporters.JUnitXMLReporter -->
<testsuite ignored="0" hostname="DESKTOP-KDHRP46" failures="2" tests="2" name="Login Tests" time="14.298" errors="0" timestamp="2025-11-09T15:21:02 IST">
  <testcase classname="test.LoginTest" name="loginTest" time="1.206">
    <failure type="java.lang.AssertionError" message="❌ Login Failed for user: admin expected [true] but found [false]">
      <![CDATA[java.lang.AssertionError: ❌ Login Failed for user: admin expected [true] but found [false]
at test.LoginTest.loginTest(LoginTest.java:44)
at java.base/java.util.ArrayList.forEach(ArrayList.java:1596)
... Removed 28 stack frames]]>
    </failure>
  </testcase> <!-- loginTest -->
  <testcase classname="test.LoginTest" name="loginTest" time="0.802">
    <failure type="java.lang.AssertionError" message="❌ Login Failed for user: user1 expected [true] but found [false]">
      <![CDATA[java.lang.AssertionError: ❌ Login Failed for user: user1 expected [true] but found [false]
at test.LoginTest.loginTest(LoginTest.java:44)
at java.base/java.util.ArrayList.forEach(ArrayList.java:1596)
... Removed 28 stack frames]]>
    </failure>
  </testcase> <!-- loginTest -->
</testsuite> <!-- Login Tests -->
